{
  "RSpec": {
    "coverage": {
      "/Users/igoreineck/dev/projects/teachable/app/adapters/teachable/api_adapter.rb": {
        "lines": [
          1,
          1,
          null,
          1,
          1,
          1,
          null,
          1,
          2,
          2,
          null,
          2,
          1,
          null,
          1,
          null,
          1,
          null,
          null,
          null,
          1,
          2,
          2,
          null,
          2,
          1,
          4,
          null,
          1,
          null,
          1,
          null,
          null,
          null,
          1,
          2,
          2,
          null,
          2,
          1,
          null,
          1,
          null,
          1,
          null,
          null,
          null,
          1,
          null,
          1,
          6,
          6,
          null,
          6,
          6,
          6,
          null,
          6,
          null,
          null,
          1,
          3,
          null,
          1,
          null,
          null,
          null
        ]
      },
      "/Users/igoreineck/dev/projects/teachable/app/controllers/courses_controller.rb": {
        "lines": [
          1,
          1,
          2,
          null,
          2,
          2,
          null,
          null,
          1,
          2,
          null,
          2,
          2,
          null,
          null,
          1,
          2,
          2,
          null,
          2,
          null,
          null
        ]
      },
      "/Users/igoreineck/dev/projects/teachable/app/controllers/application_controller.rb": {
        "lines": [
          1,
          null,
          1,
          null
        ]
      }
    },
    "timestamp": 1757382620
  }
}
